resolving dependencies...
looking for conflicting packages...

Package (1)  New Version  Net Change

extra/htop   3.3.0-3        0.36 MiB

Total Installed Size:  0.36 MiB

checking keyring...
checking package integrity...
loading package files...
checking for file conflicts...
checking available disk space...
:: Running pre-transaction hooks...
(1/1) Performing snapper pre snapshots for the following configurations...
==> root: 58
:: Processing package changes...
installing htop...
Optional dependencies for htop
    lm_sensors: show cpu temperatures [installed]
    lsof: show files opened by a process
    strace: attach to a running process
:: Running post-transaction hooks...
(1/5) Arming ConditionNeedsUpdate...
(2/5) Refreshing PackageKit...
(3/5) Updating icon theme caches...
(4/5) Updating the desktop file MIME type cache...
(5/5) Performing snapper post snapshots for the following configurations...
==> root: 59
